<?xml version="1.0"?>
<testsuite name="HeadlessChrome 0.0.0 (Windows 7 0.0.0)" package="" timestamp="2017-09-25T13:01:00" id="0" hostname="AK31891" tests="6" errors="0" failures="0" time="1.511">
  <properties>
    <property name="browser.fullName" value="Mozilla/5.0 (Windows NT 6.1; WOW64) AppleWebKit/537.36 (KHTML, like Gecko) HeadlessChrome/60.0.3112.113 Safari/537.36"/>
  </properties>
  <testcase name="ProfileComponent should create ProfileComponent" time="0.73" classname="HeadlessChrome_0_0_0_(Windows_7_0_0_0).ProfileComponent"/>
  <testcase name="ProfileComponent should load data in the smart-table datasource" time="0" classname="HeadlessChrome_0_0_0_(Windows_7_0_0_0).ProfileComponent">
    <skipped/>
  </testcase>
  <testcase name="ProfileService should create ProfileService" time="0.011" classname="HeadlessChrome_0_0_0_(Windows_7_0_0_0).ProfileService"/>
  <testcase name="ProfileService getAllProfiles() should return an Observable&lt;Profile[]>" time="0.01" classname="HeadlessChrome_0_0_0_(Windows_7_0_0_0).ProfileService"/>
  <testcase name="TablesComponent Unit Test should create TablesComponent" time="0.251" classname="HeadlessChrome_0_0_0_(Windows_7_0_0_0).TablesComponent"/>
  <testcase name="TablesComponent Integration Test should create TablesComponent with ProfileComponent" time="0.509" classname="HeadlessChrome_0_0_0_(Windows_7_0_0_0).TablesComponent"/>
  <system-out>
    <![CDATA[
]]>
  </system-out>
  <system-err/>
</testsuite>